
2025-12-25 11:32:42,183 - INFO - No existing dataset - fetching new
2025-12-25 11:32:43,634 - INFO - Fetched 1000 new candles
2025-12-25 11:32:43,650 - INFO - Updated dataset: 1000 candles (added 1000 new)
2025-12-25 11:32:43,692 - INFO - Sequences created: X shape (891, 60, 9), y shape (891,)
2025-12-25 11:32:44,050 - INFO - Train: (569, 60, 9), Val: (143, 60, 9), Test: (179, 60, 9)
2025-12-25 11:33:22,089 - INFO - Evaluation - MAE: 31.07, RMSE: 38.05, R2: 0.9742
2025-12-25 11:35:12,048 - INFO - No existing dataset - fetching new
2025-12-25 11:35:13,365 - INFO - Fetched 1000 new candles
2025-12-25 11:35:13,379 - INFO - Updated dataset: 1000 candles (added 1000 new)
2025-12-25 11:35:13,416 - INFO - Sequences created: X shape (891, 60, 9), y shape (891,)
2025-12-25 11:35:13,762 - INFO - Train: (569, 60, 9), Val: (143, 60, 9), Test: (179, 60, 9)
2025-12-25 11:35:53,875 - INFO - Evaluation - MAE: 89.37, RMSE: 100.74, R2: 0.8189
2025-12-25 11:42:55,996 - INFO - Existing dataset loaded: 1000 candles, fetching from since 1766630100001
2025-12-25 11:42:57,637 - INFO - Fetched 1 new candles
2025-12-25 11:42:57,646 - INFO - Updated dataset: 1001 candles (added 1 new)
2025-12-25 11:42:57,680 - INFO - Sequences created: X shape (892, 60, 9), y shape (892,)
2025-12-25 11:42:58,025 - INFO - Train: (570, 60, 9), Val: (143, 60, 9), Test: (179, 60, 9)
2025-12-25 11:43:30,448 - INFO - Evaluation - MAE: 196.85, RMSE: 220.87, R2: 0.1296
2025-12-25 12:45:34,694 - INFO - Existing dataset loaded: 1001 candles, fetching from since 1766630400001
2025-12-25 12:45:36,318 - INFO - Fetched 13 new candles
2025-12-25 12:45:36,337 - INFO - Updated dataset: 1014 candles (added 13 new)
2025-12-25 12:45:36,379 - INFO - Sequences created: X shape (905, 60, 9), y shape (905,)
2025-12-25 12:45:36,757 - INFO - Train: (579, 60, 9), Val: (145, 60, 9), Test: (181, 60, 9)
2025-12-25 12:46:17,505 - INFO - Evaluation - MAE: 42.33, RMSE: 48.27, R2: 0.9605
2025-12-25 12:54:30,317 - INFO - Existing dataset loaded: 1014 candles, fetching from since 1766634300001
2025-12-25 12:54:31,731 - INFO - Fetched 1 new candles
2025-12-25 12:54:31,745 - INFO - Updated dataset: 1015 candles (added 1 new)
2025-12-25 12:54:31,785 - INFO - Sequences created: X shape (906, 60, 9), y shape (906,)
2025-12-25 12:54:32,131 - INFO - Train: (579, 60, 9), Val: (145, 60, 9), Test: (182, 60, 9)
2025-12-25 12:54:59,904 - INFO - Evaluation - MAE: 148.32, RMSE: 158.60, R2: 0.5756
2025-12-25 13:01:34,901 - INFO - Existing dataset loaded: 1015 candles, fetching from since 1766634600001
2025-12-25 13:01:36,732 - INFO - Fetched 2 new candles
2025-12-25 13:01:36,745 - INFO - Updated dataset: 1017 candles (added 2 new)
2025-12-25 13:01:36,785 - INFO - Sequences created: X shape (908, 60, 9), y shape (908,)
2025-12-25 13:01:37,129 - INFO - Train: (580, 60, 9), Val: (146, 60, 9), Test: (182, 60, 9)
2025-12-25 13:02:11,984 - INFO - Evaluation - MAE: 173.12, RMSE: 187.28, R2: 0.4149
2025-12-25 13:02:12,160 - INFO - No existing dataset - fetching new
2025-12-25 13:02:14,129 - INFO - Fetched 1000 new candles
2025-12-25 13:02:14,139 - INFO - Updated dataset: 1000 candles (added 1000 new)
2025-12-25 13:07:14,232 - INFO - Existing dataset loaded: 1000 candles, fetching from since 1766635200001
2025-12-25 13:07:16,283 - INFO - No new data available
2025-12-25 13:07:16,283 - INFO - No new data - returning existing
2025-12-25 13:52:11,905 - INFO - Existing dataset loaded: 1017 candles, fetching from since 1766635200001
2025-12-25 13:52:13,846 - INFO - Fetched 10 new candles
2025-12-25 13:52:13,861 - INFO - Updated dataset: 1027 candles (added 10 new)
2025-12-25 13:52:13,902 - INFO - Sequences created: X shape (918, 60, 9), y shape (918,)
2025-12-25 13:52:14,258 - INFO - Train: (587, 60, 9), Val: (147, 60, 9), Test: (184, 60, 9)
2025-12-25 13:53:27,708 - INFO - Evaluation - MAE: 57.78, RMSE: 67.15, R2: 0.9277
2025-12-25 13:53:28,269 - INFO - Existing dataset loaded: 1027 candles, fetching from since 1766638200001
2025-12-25 13:53:29,617 - INFO - No new data available
2025-12-25 13:53:29,617 - INFO - No new data - returning existing
2025-12-25 13:58:29,706 - INFO - Existing dataset loaded: 1027 candles, fetching from since 1766638200001
2025-12-25 13:58:33,834 - INFO - Fetched 1 new candles
2025-12-25 13:58:33,843 - INFO - Updated dataset: 1028 candles (added 1 new)
2025-12-25 14:14:08,416 - INFO - Existing dataset loaded: 1028 candles, fetching from since 1766638500001
2025-12-25 14:14:09,747 - INFO - Fetched 3 new candles
2025-12-25 14:14:09,760 - INFO - Updated dataset: 1031 candles (added 3 new)
2025-12-25 14:14:09,795 - INFO - Sequences created: X shape (922, 60, 9), y shape (922,)
2025-12-25 14:14:10,150 - INFO - Train: (589, 60, 9), Val: (148, 60, 9), Test: (185, 60, 9)
2025-12-25 14:14:55,165 - INFO - Sequences created: X shape (922, 60, 9), y shape (922,)
2025-12-25 14:14:57,254 - INFO - Evaluation - MAE: 45.63, RMSE: 54.56, R2: 0.9524
2025-12-25 14:14:57,453 - INFO - Existing dataset loaded: 1031 candles, fetching from since 1766639400001
2025-12-25 14:14:58,791 - INFO - No new data available
2025-12-25 14:14:58,791 - INFO - No new data - returning existing
2025-12-25 14:19:58,880 - INFO - Existing dataset loaded: 1031 candles, fetching from since 1766639400001
2025-12-25 14:20:00,123 - INFO - Fetched 2 new candles
2025-12-25 14:20:00,133 - INFO - Updated dataset: 1033 candles (added 2 new)
2025-12-25 14:25:00,220 - INFO - Existing dataset loaded: 1033 candles, fetching from since 1766640000001
2025-12-25 14:25:01,708 - INFO - Fetched 1 new candles
2025-12-25 14:25:01,716 - INFO - Updated dataset: 1034 candles (added 1 new)
2025-12-25 14:50:10,060 - INFO - Existing dataset loaded: 1034 candles, fetching from since 1766640300001
2025-12-25 14:50:11,957 - INFO - Fetched 5 new candles
2025-12-25 14:50:11,970 - INFO - Updated dataset: 1039 candles (added 5 new)
2025-12-29 13:05:17,350 - INFO - Existing dataset loaded: 1039 candles, fetching from since 1766641800001
2025-12-29 13:05:19,413 - INFO - Fetched 1000 new candles
2025-12-29 13:05:19,439 - INFO - Updated dataset: 2039 candles (added 1000 new)
2025-12-29 13:05:19,490 - INFO - Sequences created: X shape (1930, 60, 9), y shape (1930,)
2025-12-29 13:05:19,857 - INFO - Train: (1235, 60, 9), Val: (309, 60, 9), Test: (386, 60, 9)
2025-12-29 13:07:50,421 - INFO - Sequences created: X shape (1930, 60, 9), y shape (1930,)
2025-12-29 13:07:54,742 - INFO - Evaluation - MAE: 35.61, RMSE: 52.04, R2: 0.9745
2025-12-29 13:07:54,948 - INFO - Existing dataset loaded: 2039 candles, fetching from since 1766981100001
2025-12-29 13:07:56,356 - INFO - No new data available
2025-12-29 13:07:56,356 - INFO - No new data - returning existing
2025-12-29 13:12:56,442 - INFO - Existing dataset loaded: 2039 candles, fetching from since 1766981100001
2025-12-29 13:13:08,350 - INFO - Fetched 1 new candles
2025-12-29 13:13:08,373 - INFO - Updated dataset: 2040 candles (added 1 new)
2025-12-29 13:18:08,456 - INFO - Existing dataset loaded: 2040 candles, fetching from since 1766981400001
2025-12-29 13:18:53,410 - INFO - Fetched 1 new candles
2025-12-29 13:18:53,434 - INFO - Updated dataset: 2041 candles (added 1 new)
2025-12-29 13:23:53,538 - INFO - Existing dataset loaded: 2041 candles, fetching from since 1766981700001
2025-12-29 13:23:56,071 - INFO - Fetched 1 new candles
2025-12-29 13:23:56,096 - INFO - Updated dataset: 2042 candles (added 1 new)
2025-12-29 18:11:56,427 - INFO - Existing dataset loaded: 2059 candles, fetching from since 1766987100001
2025-12-29 18:11:57,883 - INFO - Fetched 41 new candles
2025-12-29 18:11:57,909 - INFO - Updated dataset: 2100 candles (added 41 new)
2025-12-29 18:11:57,977 - INFO - Sequences created: X shape (1991, 60, 9), y shape (1991,)
2025-12-29 18:11:58,369 - INFO - Train: (1273, 60, 9), Val: (319, 60, 9), Test: (399, 60, 9)
2025-12-29 18:14:57,104 - INFO - Sequences created: X shape (1991, 60, 9), y shape (1991,)
2025-12-29 18:15:01,274 - INFO - Evaluation - MAE: 53.16, RMSE: 69.05, R2: 0.9921
2025-12-29 18:15:01,474 - INFO - Existing dataset loaded: 2100 candles, fetching from since 1766999400001
2025-12-29 18:15:03,234 - INFO - Fetched 1 new candles
2025-12-29 18:15:03,251 - INFO - Updated dataset: 2101 candles (added 1 new)
2025-12-29 18:20:03,337 - INFO - Existing dataset loaded: 2101 candles, fetching from since 1766999700001
2025-12-29 18:20:04,823 - INFO - Fetched 1 new candles
2025-12-29 18:20:04,839 - INFO - Updated dataset: 2102 candles (added 1 new)
2025-12-29 18:25:04,921 - INFO - Existing dataset loaded: 2102 candles, fetching from since 1767000000001
2025-12-29 18:25:06,140 - INFO - Fetched 1 new candles
2025-12-29 18:25:06,156 - INFO - Updated dataset: 2103 candles (added 1 new)
2025-12-29 18:30:06,233 - INFO - Existing dataset loaded: 2103 candles, fetching from since 1767000300001
2025-12-29 18:30:07,916 - INFO - Fetched 1 new candles
2025-12-29 18:30:07,939 - INFO - Updated dataset: 2104 candles (added 1 new)
2025-12-29 18:35:54,305 - INFO - Existing dataset loaded: 2104 candles, fetching from since 1767000600001
2025-12-29 18:35:58,890 - INFO - Fetched 1 new candles
2025-12-29 18:35:58,912 - INFO - Updated dataset: 2105 candles (added 1 new)
